{"uid":"5b99484d6bd5b901","name":"test_error","fullName":"tests.test_main#test_error","historyId":"42686ddca63c1ab050a4eebdc5bd6459","time":{"start":1769973153946,"stop":1769973153947,"duration":1},"status":"failed","statusMessage":"AssertionError: assert False is True","statusTrace":"def test_error():\n>       assert False is True\nE       assert False is True\n\ntests/test_main.py:13: AssertionError","flaky":false,"newFailed":false,"newBroken":false,"newPassed":false,"retriesCount":0,"retriesStatusChange":false,"beforeStages":[],"afterStages":[],"labels":[{"name":"parentSuite","value":"tests"},{"name":"suite","value":"test_main"},{"name":"host","value":"runnervmkj6or"},{"name":"thread","value":"2360-MainThread"},{"name":"framework","value":"pytest"},{"name":"language","value":"cpython3"},{"name":"package","value":"tests.test_main"},{"name":"resultFormat","value":"allure2"}],"parameters":[],"links":[],"hidden":false,"retry":false,"extra":{"severity":"normal","retries":[],"categories":[{"name":"Product defects","matchedStatuses":[],"flaky":false}],"tags":[]},"source":"5b99484d6bd5b901.json","parameterValues":[]}